<?xml version="1.0" encoding="UTF-8"?>
<!-- Generated by org.testng.reporters.JUnitReportReporter -->
<testsuite hostname="DESKTOP-E5GIE34" failures="0" tests="2" name="com.orangeHRM.TestRunner.Testcases" time="52.929" errors="0" timestamp="2022-06-19T11:29:37 IST" skipped="0">
  <testcase classname="com.orangeHRM.TestRunner.Testcases" name="PositiveLoginTest_01" time="40.364"/>
  <system-out>
    <![CDATA[Step 1: chrome is loaded successfully
Step 2: https://opensource-demo.orangehrmlive.com/ is loaded successfully
Step 3. entered username :Admin
Step 4. entered password :admin123
Step 5. Login sucessful
Step 6 : validation done
Step 7 : Testcase pass
step 8: Browser is closed]]>
  </system-out>
  <testcase classname="com.orangeHRM.TestRunner.Testcases" name="NegtiveLoginTest_02" time="12.565"/>
  <system-out>
    <![CDATA[Step 1: chrome is loaded successfully
Step 2: https://opensource-demo.orangehrmlive.com/ is loaded successfully
Step 3. entered username :adam
Step 4. entered password :swaroop
Step 5. Login unsucessful
Step 6. username field displayed
Step 7 : Invalid credentials validated successfully
Step 8 : Testcase pass
step 9 : Browser is closed]]>
  </system-out>
</testsuite> <!-- com.orangeHRM.TestRunner.Testcases -->
